  [1m[36m (1.4ms)[0m  [1mCREATE TABLE "schema_migrations" ("version" varchar NOT NULL) [0m
  [1m[35m (0.1ms)[0m  select sqlite_version(*)
  [1m[36m (1.1ms)[0m  [1mCREATE UNIQUE INDEX "unique_schema_migrations" ON "schema_migrations" ("version")[0m
  [1m[35mActiveRecord::SchemaMigration Load (0.1ms)[0m  SELECT "schema_migrations".* FROM "schema_migrations"


Started GET "/" for ::1 at 2015-11-16 16:12:00 -0600
Processing by Rails::WelcomeController#index as HTML
  Rendered /Users/admin/.rvm/gems/ruby-2.1.2/gems/railties-4.2.3/lib/rails/templates/rails/welcome/index.html.erb (1.9ms)
Completed 200 OK in 48ms (Views: 36.7ms | ActiveRecord: 0.0ms)


Started GET "/" for ::1 at 2017-08-13 12:29:03 -0400
Processing by Rails::WelcomeController#index as HTML
  Rendered /Users/yaminikumawat/.rvm/gems/ruby-2.3.1/gems/railties-4.2.3/lib/rails/templates/rails/welcome/index.html.erb (5.3ms)
Completed 200 OK in 39ms (Views: 27.7ms | ActiveRecord: 0.0ms)


Started GET "/hello_world" for ::1 at 2017-08-13 12:29:16 -0400
Processing by StaticController#hello_world as HTML
Completed 500 Internal Server Error in 7ms (ActiveRecord: 0.0ms)

ActionView::MissingTemplate (Missing template static/hello_world, application/hello_world with {:locale=>[:en], :formats=>[:html], :variants=>[], :handlers=>[:erb, :builder, :raw, :ruby, :coffee, :jbuilder]}. Searched in:
  * "/Users/yaminikumawat/Flatiron Coursework/module 2/rails/rails-hello-world-lab-web-071717/app/views"
):
  app/controllers/static_controller.rb:3:in `hello_world'


  Rendered /Users/yaminikumawat/.rvm/gems/ruby-2.3.1/gems/actionpack-4.2.3/lib/action_dispatch/middleware/templates/rescues/_source.erb (5.2ms)
  Rendered /Users/yaminikumawat/.rvm/gems/ruby-2.3.1/gems/actionpack-4.2.3/lib/action_dispatch/middleware/templates/rescues/_trace.html.erb (3.2ms)
  Rendered /Users/yaminikumawat/.rvm/gems/ruby-2.3.1/gems/actionpack-4.2.3/lib/action_dispatch/middleware/templates/rescues/_request_and_response.html.erb (1.5ms)
  Rendered /Users/yaminikumawat/.rvm/gems/ruby-2.3.1/gems/actionpack-4.2.3/lib/action_dispatch/middleware/templates/rescues/missing_template.html.erb within rescues/layout (70.7ms)


Started GET "/hello_world" for ::1 at 2017-08-13 12:29:30 -0400
Processing by StaticController#hello_world as HTML
Completed 500 Internal Server Error in 2ms (ActiveRecord: 0.0ms)

ActionView::MissingTemplate (Missing template static/hello_world, application/hello_world with {:locale=>[:en], :formats=>[:html], :variants=>[], :handlers=>[:erb, :builder, :raw, :ruby, :coffee, :jbuilder]}. Searched in:
  * "/Users/yaminikumawat/Flatiron Coursework/module 2/rails/rails-hello-world-lab-web-071717/app/views"
):
  actionview (4.2.3) lib/action_view/path_set.rb:46:in `find'
  actionview (4.2.3) lib/action_view/lookup_context.rb:121:in `find'
  actionview (4.2.3) lib/action_view/renderer/abstract_renderer.rb:18:in `find_template'
  actionview (4.2.3) lib/action_view/renderer/template_renderer.rb:40:in `determine_template'
  actionview (4.2.3) lib/action_view/renderer/template_renderer.rb:8:in `render'
  actionview (4.2.3) lib/action_view/renderer/renderer.rb:42:in `render_template'
  actionview (4.2.3) lib/action_view/renderer/renderer.rb:23:in `render'
  actionview (4.2.3) lib/action_view/rendering.rb:100:in `_render_template'
  actionpack (4.2.3) lib/action_controller/metal/streaming.rb:217:in `_render_template'
  actionview (4.2.3) lib/action_view/rendering.rb:83:in `render_to_body'
  actionpack (4.2.3) lib/action_controller/metal/rendering.rb:32:in `render_to_body'
  actionpack (4.2.3) lib/action_controller/metal/renderers.rb:37:in `render_to_body'
  actionpack (4.2.3) lib/abstract_controller/rendering.rb:25:in `render'
  actionpack (4.2.3) lib/action_controller/metal/rendering.rb:16:in `render'
  actionpack (4.2.3) lib/action_controller/metal/instrumentation.rb:44:in `block (2 levels) in render'
  activesupport (4.2.3) lib/active_support/core_ext/benchmark.rb:12:in `block in ms'
  /Users/yaminikumawat/.rvm/rubies/ruby-2.3.1/lib/ruby/2.3.0/benchmark.rb:308:in `realtime'
  activesupport (4.2.3) lib/active_support/core_ext/benchmark.rb:12:in `ms'
  actionpack (4.2.3) lib/action_controller/metal/instrumentation.rb:44:in `block in render'
  actionpack (4.2.3) lib/action_controller/metal/instrumentation.rb:87:in `cleanup_view_runtime'
  activerecord (4.2.3) lib/active_record/railties/controller_runtime.rb:25:in `cleanup_view_runtime'
  actionpack (4.2.3) lib/action_controller/metal/instrumentation.rb:43:in `render'
  actionpack (4.2.3) lib/action_controller/metal/implicit_render.rb:10:in `default_render'
  actionpack (4.2.3) lib/action_controller/metal/implicit_render.rb:5:in `send_action'
  actionpack (4.2.3) lib/abstract_controller/base.rb:198:in `process_action'
  actionpack (4.2.3) lib/action_controller/metal/rendering.rb:10:in `process_action'
  actionpack (4.2.3) lib/abstract_controller/callbacks.rb:20:in `block in process_action'
  activesupport (4.2.3) lib/active_support/callbacks.rb:115:in `call'
  activesupport (4.2.3) lib/active_support/callbacks.rb:553:in `block (2 levels) in compile'
  activesupport (4.2.3) lib/active_support/callbacks.rb:503:in `call'
  activesupport (4.2.3) lib/active_support/callbacks.rb:88:in `run_callbacks'
  actionpack (4.2.3) lib/abstract_controller/callbacks.rb:19:in `process_action'
  actionpack (4.2.3) lib/action_controller/metal/rescue.rb:29:in `process_action'
  actionpack (4.2.3) lib/action_controller/metal/instrumentation.rb:32:in `block in process_action'
  activesupport (4.2.3) lib/active_support/notifications.rb:164:in `block in instrument'
  activesupport (4.2.3) lib/active_support/notifications/instrumenter.rb:20:in `instrument'
  activesupport (4.2.3) lib/active_support/notifications.rb:164:in `instrument'
  actionpack (4.2.3) lib/action_controller/metal/instrumentation.rb:30:in `process_action'
  actionpack (4.2.3) lib/action_controller/metal/params_wrapper.rb:250:in `process_action'
  activerecord (4.2.3) lib/active_record/railties/controller_runtime.rb:18:in `process_action'
  actionpack (4.2.3) lib/abstract_controller/base.rb:137:in `process'
  actionview (4.2.3) lib/action_view/rendering.rb:30:in `process'
  actionpack (4.2.3) lib/action_controller/metal.rb:196:in `dispatch'
  actionpack (4.2.3) lib/action_controller/metal/rack_delegation.rb:13:in `dispatch'
  actionpack (4.2.3) lib/action_controller/metal.rb:237:in `block in action'
  actionpack (4.2.3) lib/action_dispatch/routing/route_set.rb:76:in `dispatch'
  actionpack (4.2.3) lib/action_dispatch/routing/route_set.rb:45:in `serve'
  actionpack (4.2.3) lib/action_dispatch/journey/router.rb:43:in `block in serve'
  actionpack (4.2.3) lib/action_dispatch/journey/router.rb:30:in `each'
  actionpack (4.2.3) lib/action_dispatch/journey/router.rb:30:in `serve'
  actionpack (4.2.3) lib/action_dispatch/routing/route_set.rb:821:in `call'
  rack (1.6.8) lib/rack/etag.rb:24:in `call'
  rack (1.6.8) lib/rack/conditionalget.rb:25:in `call'
  rack (1.6.8) lib/rack/head.rb:13:in `call'
  actionpack (4.2.3) lib/action_dispatch/middleware/params_parser.rb:27:in `call'
  actionpack (4.2.3) lib/action_dispatch/middleware/flash.rb:260:in `call'
  rack (1.6.8) lib/rack/session/abstract/id.rb:225:in `context'
  rack (1.6.8) lib/rack/session/abstract/id.rb:220:in `call'
  actionpack (4.2.3) lib/action_dispatch/middleware/cookies.rb:560:in `call'
  activerecord (4.2.3) lib/active_record/query_cache.rb:36:in `call'
  activerecord (4.2.3) lib/active_record/connection_adapters/abstract/connection_pool.rb:653:in `call'
  activerecord (4.2.3) lib/active_record/migration.rb:377:in `call'
  actionpack (4.2.3) lib/action_dispatch/middleware/callbacks.rb:29:in `block in call'
  activesupport (4.2.3) lib/active_support/callbacks.rb:84:in `run_callbacks'
  actionpack (4.2.3) lib/action_dispatch/middleware/callbacks.rb:27:in `call'
  actionpack (4.2.3) lib/action_dispatch/middleware/reloader.rb:73:in `call'
  actionpack (4.2.3) lib/action_dispatch/middleware/remote_ip.rb:78:in `call'
  actionpack (4.2.3) lib/action_dispatch/middleware/debug_exceptions.rb:17:in `call'
  web-console (3.3.0) lib/web_console/middleware.rb:131:in `call_app'
  web-console (3.3.0) lib/web_console/middleware.rb:28:in `block in call'
  web-console (3.3.0) lib/web_console/middleware.rb:18:in `catch'
  web-console (3.3.0) lib/web_console/middleware.rb:18:in `call'
  actionpack (4.2.3) lib/action_dispatch/middleware/show_exceptions.rb:30:in `call'
  railties (4.2.3) lib/rails/rack/logger.rb:38:in `call_app'
  railties (4.2.3) lib/rails/rack/logger.rb:20:in `block in call'
  activesupport (4.2.3) lib/active_support/tagged_logging.rb:68:in `block in tagged'
  activesupport (4.2.3) lib/active_support/tagged_logging.rb:26:in `tagged'
  activesupport (4.2.3) lib/active_support/tagged_logging.rb:68:in `tagged'
  railties (4.2.3) lib/rails/rack/logger.rb:20:in `call'
  actionpack (4.2.3) lib/action_dispatch/middleware/request_id.rb:21:in `call'
  rack (1.6.8) lib/rack/methodoverride.rb:22:in `call'
  rack (1.6.8) lib/rack/runtime.rb:18:in `call'
  activesupport (4.2.3) lib/active_support/cache/strategy/local_cache_middleware.rb:28:in `call'
  rack (1.6.8) lib/rack/lock.rb:17:in `call'
  actionpack (4.2.3) lib/action_dispatch/middleware/static.rb:116:in `call'
  rack (1.6.8) lib/rack/sendfile.rb:113:in `call'
  railties (4.2.3) lib/rails/engine.rb:518:in `call'
  railties (4.2.3) lib/rails/application.rb:165:in `call'
  rack (1.6.8) lib/rack/lock.rb:17:in `call'
  rack (1.6.8) lib/rack/content_length.rb:15:in `call'
  rack (1.6.8) lib/rack/handler/webrick.rb:88:in `service'
  /Users/yaminikumawat/.rvm/rubies/ruby-2.3.1/lib/ruby/2.3.0/webrick/httpserver.rb:140:in `service'
  /Users/yaminikumawat/.rvm/rubies/ruby-2.3.1/lib/ruby/2.3.0/webrick/httpserver.rb:96:in `run'
  /Users/yaminikumawat/.rvm/rubies/ruby-2.3.1/lib/ruby/2.3.0/webrick/server.rb:296:in `block in start_thread'


  Rendered /Users/yaminikumawat/.rvm/gems/ruby-2.3.1/gems/actionpack-4.2.3/lib/action_dispatch/middleware/templates/rescues/_source.erb (6.0ms)
  Rendered /Users/yaminikumawat/.rvm/gems/ruby-2.3.1/gems/actionpack-4.2.3/lib/action_dispatch/middleware/templates/rescues/_trace.html.erb (6.0ms)
  Rendered /Users/yaminikumawat/.rvm/gems/ruby-2.3.1/gems/actionpack-4.2.3/lib/action_dispatch/middleware/templates/rescues/_request_and_response.html.erb (0.8ms)
  Rendered /Users/yaminikumawat/.rvm/gems/ruby-2.3.1/gems/actionpack-4.2.3/lib/action_dispatch/middleware/templates/rescues/missing_template.html.erb within rescues/layout (63.2ms)


Started GET "/hello_world" for ::1 at 2017-08-13 12:30:13 -0400
Processing by StaticController#hello_world as HTML
Completed 500 Internal Server Error in 24ms (ActiveRecord: 0.0ms)

ActionView::MissingTemplate (Missing template static/hello_world, application/hello_world with {:locale=>[:en], :formats=>[:html], :variants=>[], :handlers=>[:erb, :builder, :raw, :ruby, :coffee, :jbuilder]}. Searched in:
  * "/Users/yaminikumawat/Flatiron Coursework/module 2/rails/rails-hello-world-lab-web-071717/app/views"
):
  actionview (4.2.3) lib/action_view/path_set.rb:46:in `find'
  actionview (4.2.3) lib/action_view/lookup_context.rb:121:in `find'
  actionview (4.2.3) lib/action_view/renderer/abstract_renderer.rb:18:in `find_template'
  actionview (4.2.3) lib/action_view/renderer/template_renderer.rb:40:in `determine_template'
  actionview (4.2.3) lib/action_view/renderer/template_renderer.rb:8:in `render'
  actionview (4.2.3) lib/action_view/renderer/renderer.rb:42:in `render_template'
  actionview (4.2.3) lib/action_view/renderer/renderer.rb:23:in `render'
  actionview (4.2.3) lib/action_view/rendering.rb:100:in `_render_template'
  actionpack (4.2.3) lib/action_controller/metal/streaming.rb:217:in `_render_template'
  actionview (4.2.3) lib/action_view/rendering.rb:83:in `render_to_body'
  actionpack (4.2.3) lib/action_controller/metal/rendering.rb:32:in `render_to_body'
  actionpack (4.2.3) lib/action_controller/metal/renderers.rb:37:in `render_to_body'
  actionpack (4.2.3) lib/abstract_controller/rendering.rb:25:in `render'
  actionpack (4.2.3) lib/action_controller/metal/rendering.rb:16:in `render'
  actionpack (4.2.3) lib/action_controller/metal/instrumentation.rb:44:in `block (2 levels) in render'
  activesupport (4.2.3) lib/active_support/core_ext/benchmark.rb:12:in `block in ms'
  /Users/yaminikumawat/.rvm/rubies/ruby-2.3.1/lib/ruby/2.3.0/benchmark.rb:308:in `realtime'
  activesupport (4.2.3) lib/active_support/core_ext/benchmark.rb:12:in `ms'
  actionpack (4.2.3) lib/action_controller/metal/instrumentation.rb:44:in `block in render'
  actionpack (4.2.3) lib/action_controller/metal/instrumentation.rb:87:in `cleanup_view_runtime'
  activerecord (4.2.3) lib/active_record/railties/controller_runtime.rb:25:in `cleanup_view_runtime'
  actionpack (4.2.3) lib/action_controller/metal/instrumentation.rb:43:in `render'
  actionpack (4.2.3) lib/action_controller/metal/implicit_render.rb:10:in `default_render'
  actionpack (4.2.3) lib/action_controller/metal/implicit_render.rb:5:in `send_action'
  actionpack (4.2.3) lib/abstract_controller/base.rb:198:in `process_action'
  actionpack (4.2.3) lib/action_controller/metal/rendering.rb:10:in `process_action'
  actionpack (4.2.3) lib/abstract_controller/callbacks.rb:20:in `block in process_action'
  activesupport (4.2.3) lib/active_support/callbacks.rb:115:in `call'
  activesupport (4.2.3) lib/active_support/callbacks.rb:553:in `block (2 levels) in compile'
  activesupport (4.2.3) lib/active_support/callbacks.rb:503:in `call'
  activesupport (4.2.3) lib/active_support/callbacks.rb:88:in `run_callbacks'
  actionpack (4.2.3) lib/abstract_controller/callbacks.rb:19:in `process_action'
  actionpack (4.2.3) lib/action_controller/metal/rescue.rb:29:in `process_action'
  actionpack (4.2.3) lib/action_controller/metal/instrumentation.rb:32:in `block in process_action'
  activesupport (4.2.3) lib/active_support/notifications.rb:164:in `block in instrument'
  activesupport (4.2.3) lib/active_support/notifications/instrumenter.rb:20:in `instrument'
  activesupport (4.2.3) lib/active_support/notifications.rb:164:in `instrument'
  actionpack (4.2.3) lib/action_controller/metal/instrumentation.rb:30:in `process_action'
  actionpack (4.2.3) lib/action_controller/metal/params_wrapper.rb:250:in `process_action'
  activerecord (4.2.3) lib/active_record/railties/controller_runtime.rb:18:in `process_action'
  actionpack (4.2.3) lib/abstract_controller/base.rb:137:in `process'
  actionview (4.2.3) lib/action_view/rendering.rb:30:in `process'
  actionpack (4.2.3) lib/action_controller/metal.rb:196:in `dispatch'
  actionpack (4.2.3) lib/action_controller/metal/rack_delegation.rb:13:in `dispatch'
  actionpack (4.2.3) lib/action_controller/metal.rb:237:in `block in action'
  actionpack (4.2.3) lib/action_dispatch/routing/route_set.rb:76:in `dispatch'
  actionpack (4.2.3) lib/action_dispatch/routing/route_set.rb:45:in `serve'
  actionpack (4.2.3) lib/action_dispatch/journey/router.rb:43:in `block in serve'
  actionpack (4.2.3) lib/action_dispatch/journey/router.rb:30:in `each'
  actionpack (4.2.3) lib/action_dispatch/journey/router.rb:30:in `serve'
  actionpack (4.2.3) lib/action_dispatch/routing/route_set.rb:821:in `call'
  rack (1.6.8) lib/rack/etag.rb:24:in `call'
  rack (1.6.8) lib/rack/conditionalget.rb:25:in `call'
  rack (1.6.8) lib/rack/head.rb:13:in `call'
  actionpack (4.2.3) lib/action_dispatch/middleware/params_parser.rb:27:in `call'
  actionpack (4.2.3) lib/action_dispatch/middleware/flash.rb:260:in `call'
  rack (1.6.8) lib/rack/session/abstract/id.rb:225:in `context'
  rack (1.6.8) lib/rack/session/abstract/id.rb:220:in `call'
  actionpack (4.2.3) lib/action_dispatch/middleware/cookies.rb:560:in `call'
  activerecord (4.2.3) lib/active_record/query_cache.rb:36:in `call'
  activerecord (4.2.3) lib/active_record/connection_adapters/abstract/connection_pool.rb:653:in `call'
  activerecord (4.2.3) lib/active_record/migration.rb:377:in `call'
  actionpack (4.2.3) lib/action_dispatch/middleware/callbacks.rb:29:in `block in call'
  activesupport (4.2.3) lib/active_support/callbacks.rb:84:in `run_callbacks'
  actionpack (4.2.3) lib/action_dispatch/middleware/callbacks.rb:27:in `call'
  actionpack (4.2.3) lib/action_dispatch/middleware/reloader.rb:73:in `call'
  actionpack (4.2.3) lib/action_dispatch/middleware/remote_ip.rb:78:in `call'
  actionpack (4.2.3) lib/action_dispatch/middleware/debug_exceptions.rb:17:in `call'
  web-console (3.3.0) lib/web_console/middleware.rb:131:in `call_app'
  web-console (3.3.0) lib/web_console/middleware.rb:28:in `block in call'
  web-console (3.3.0) lib/web_console/middleware.rb:18:in `catch'
  web-console (3.3.0) lib/web_console/middleware.rb:18:in `call'
  actionpack (4.2.3) lib/action_dispatch/middleware/show_exceptions.rb:30:in `call'
  railties (4.2.3) lib/rails/rack/logger.rb:38:in `call_app'
  railties (4.2.3) lib/rails/rack/logger.rb:20:in `block in call'
  activesupport (4.2.3) lib/active_support/tagged_logging.rb:68:in `block in tagged'
  activesupport (4.2.3) lib/active_support/tagged_logging.rb:26:in `tagged'
  activesupport (4.2.3) lib/active_support/tagged_logging.rb:68:in `tagged'
  railties (4.2.3) lib/rails/rack/logger.rb:20:in `call'
  actionpack (4.2.3) lib/action_dispatch/middleware/request_id.rb:21:in `call'
  rack (1.6.8) lib/rack/methodoverride.rb:22:in `call'
  rack (1.6.8) lib/rack/runtime.rb:18:in `call'
  activesupport (4.2.3) lib/active_support/cache/strategy/local_cache_middleware.rb:28:in `call'
  rack (1.6.8) lib/rack/lock.rb:17:in `call'
  actionpack (4.2.3) lib/action_dispatch/middleware/static.rb:116:in `call'
  rack (1.6.8) lib/rack/sendfile.rb:113:in `call'
  railties (4.2.3) lib/rails/engine.rb:518:in `call'
  railties (4.2.3) lib/rails/application.rb:165:in `call'
  rack (1.6.8) lib/rack/lock.rb:17:in `call'
  rack (1.6.8) lib/rack/content_length.rb:15:in `call'
  rack (1.6.8) lib/rack/handler/webrick.rb:88:in `service'
  /Users/yaminikumawat/.rvm/rubies/ruby-2.3.1/lib/ruby/2.3.0/webrick/httpserver.rb:140:in `service'
  /Users/yaminikumawat/.rvm/rubies/ruby-2.3.1/lib/ruby/2.3.0/webrick/httpserver.rb:96:in `run'
  /Users/yaminikumawat/.rvm/rubies/ruby-2.3.1/lib/ruby/2.3.0/webrick/server.rb:296:in `block in start_thread'


  Rendered /Users/yaminikumawat/.rvm/gems/ruby-2.3.1/gems/actionpack-4.2.3/lib/action_dispatch/middleware/templates/rescues/_source.erb (4.4ms)
  Rendered /Users/yaminikumawat/.rvm/gems/ruby-2.3.1/gems/actionpack-4.2.3/lib/action_dispatch/middleware/templates/rescues/_trace.html.erb (3.3ms)
  Rendered /Users/yaminikumawat/.rvm/gems/ruby-2.3.1/gems/actionpack-4.2.3/lib/action_dispatch/middleware/templates/rescues/_request_and_response.html.erb (0.8ms)
  Rendered /Users/yaminikumawat/.rvm/gems/ruby-2.3.1/gems/actionpack-4.2.3/lib/action_dispatch/middleware/templates/rescues/missing_template.html.erb within rescues/layout (67.6ms)


Started GET "/hello_world" for ::1 at 2017-08-13 12:30:15 -0400
Processing by StaticController#hello_world as HTML
Completed 500 Internal Server Error in 3ms (ActiveRecord: 0.0ms)

ActionView::MissingTemplate (Missing template static/hello_world, application/hello_world with {:locale=>[:en], :formats=>[:html], :variants=>[], :handlers=>[:erb, :builder, :raw, :ruby, :coffee, :jbuilder]}. Searched in:
  * "/Users/yaminikumawat/Flatiron Coursework/module 2/rails/rails-hello-world-lab-web-071717/app/views"
):
  actionview (4.2.3) lib/action_view/path_set.rb:46:in `find'
  actionview (4.2.3) lib/action_view/lookup_context.rb:121:in `find'
  actionview (4.2.3) lib/action_view/renderer/abstract_renderer.rb:18:in `find_template'
  actionview (4.2.3) lib/action_view/renderer/template_renderer.rb:40:in `determine_template'
  actionview (4.2.3) lib/action_view/renderer/template_renderer.rb:8:in `render'
  actionview (4.2.3) lib/action_view/renderer/renderer.rb:42:in `render_template'
  actionview (4.2.3) lib/action_view/renderer/renderer.rb:23:in `render'
  actionview (4.2.3) lib/action_view/rendering.rb:100:in `_render_template'
  actionpack (4.2.3) lib/action_controller/metal/streaming.rb:217:in `_render_template'
  actionview (4.2.3) lib/action_view/rendering.rb:83:in `render_to_body'
  actionpack (4.2.3) lib/action_controller/metal/rendering.rb:32:in `render_to_body'
  actionpack (4.2.3) lib/action_controller/metal/renderers.rb:37:in `render_to_body'
  actionpack (4.2.3) lib/abstract_controller/rendering.rb:25:in `render'
  actionpack (4.2.3) lib/action_controller/metal/rendering.rb:16:in `render'
  actionpack (4.2.3) lib/action_controller/metal/instrumentation.rb:44:in `block (2 levels) in render'
  activesupport (4.2.3) lib/active_support/core_ext/benchmark.rb:12:in `block in ms'
  /Users/yaminikumawat/.rvm/rubies/ruby-2.3.1/lib/ruby/2.3.0/benchmark.rb:308:in `realtime'
  activesupport (4.2.3) lib/active_support/core_ext/benchmark.rb:12:in `ms'
  actionpack (4.2.3) lib/action_controller/metal/instrumentation.rb:44:in `block in render'
  actionpack (4.2.3) lib/action_controller/metal/instrumentation.rb:87:in `cleanup_view_runtime'
  activerecord (4.2.3) lib/active_record/railties/controller_runtime.rb:25:in `cleanup_view_runtime'
  actionpack (4.2.3) lib/action_controller/metal/instrumentation.rb:43:in `render'
  actionpack (4.2.3) lib/action_controller/metal/implicit_render.rb:10:in `default_render'
  actionpack (4.2.3) lib/action_controller/metal/implicit_render.rb:5:in `send_action'
  actionpack (4.2.3) lib/abstract_controller/base.rb:198:in `process_action'
  actionpack (4.2.3) lib/action_controller/metal/rendering.rb:10:in `process_action'
  actionpack (4.2.3) lib/abstract_controller/callbacks.rb:20:in `block in process_action'
  activesupport (4.2.3) lib/active_support/callbacks.rb:115:in `call'
  activesupport (4.2.3) lib/active_support/callbacks.rb:553:in `block (2 levels) in compile'
  activesupport (4.2.3) lib/active_support/callbacks.rb:503:in `call'
  activesupport (4.2.3) lib/active_support/callbacks.rb:88:in `run_callbacks'
  actionpack (4.2.3) lib/abstract_controller/callbacks.rb:19:in `process_action'
  actionpack (4.2.3) lib/action_controller/metal/rescue.rb:29:in `process_action'
  actionpack (4.2.3) lib/action_controller/metal/instrumentation.rb:32:in `block in process_action'
  activesupport (4.2.3) lib/active_support/notifications.rb:164:in `block in instrument'
  activesupport (4.2.3) lib/active_support/notifications/instrumenter.rb:20:in `instrument'
  activesupport (4.2.3) lib/active_support/notifications.rb:164:in `instrument'
  actionpack (4.2.3) lib/action_controller/metal/instrumentation.rb:30:in `process_action'
  actionpack (4.2.3) lib/action_controller/metal/params_wrapper.rb:250:in `process_action'
  activerecord (4.2.3) lib/active_record/railties/controller_runtime.rb:18:in `process_action'
  actionpack (4.2.3) lib/abstract_controller/base.rb:137:in `process'
  actionview (4.2.3) lib/action_view/rendering.rb:30:in `process'
  actionpack (4.2.3) lib/action_controller/metal.rb:196:in `dispatch'
  actionpack (4.2.3) lib/action_controller/metal/rack_delegation.rb:13:in `dispatch'
  actionpack (4.2.3) lib/action_controller/metal.rb:237:in `block in action'
  actionpack (4.2.3) lib/action_dispatch/routing/route_set.rb:76:in `dispatch'
  actionpack (4.2.3) lib/action_dispatch/routing/route_set.rb:45:in `serve'
  actionpack (4.2.3) lib/action_dispatch/journey/router.rb:43:in `block in serve'
  actionpack (4.2.3) lib/action_dispatch/journey/router.rb:30:in `each'
  actionpack (4.2.3) lib/action_dispatch/journey/router.rb:30:in `serve'
  actionpack (4.2.3) lib/action_dispatch/routing/route_set.rb:821:in `call'
  rack (1.6.8) lib/rack/etag.rb:24:in `call'
  rack (1.6.8) lib/rack/conditionalget.rb:25:in `call'
  rack (1.6.8) lib/rack/head.rb:13:in `call'
  actionpack (4.2.3) lib/action_dispatch/middleware/params_parser.rb:27:in `call'
  actionpack (4.2.3) lib/action_dispatch/middleware/flash.rb:260:in `call'
  rack (1.6.8) lib/rack/session/abstract/id.rb:225:in `context'
  rack (1.6.8) lib/rack/session/abstract/id.rb:220:in `call'
  actionpack (4.2.3) lib/action_dispatch/middleware/cookies.rb:560:in `call'
  activerecord (4.2.3) lib/active_record/query_cache.rb:36:in `call'
  activerecord (4.2.3) lib/active_record/connection_adapters/abstract/connection_pool.rb:653:in `call'
  activerecord (4.2.3) lib/active_record/migration.rb:377:in `call'
  actionpack (4.2.3) lib/action_dispatch/middleware/callbacks.rb:29:in `block in call'
  activesupport (4.2.3) lib/active_support/callbacks.rb:84:in `run_callbacks'
  actionpack (4.2.3) lib/action_dispatch/middleware/callbacks.rb:27:in `call'
  actionpack (4.2.3) lib/action_dispatch/middleware/reloader.rb:73:in `call'
  actionpack (4.2.3) lib/action_dispatch/middleware/remote_ip.rb:78:in `call'
  actionpack (4.2.3) lib/action_dispatch/middleware/debug_exceptions.rb:17:in `call'
  web-console (3.3.0) lib/web_console/middleware.rb:131:in `call_app'
  web-console (3.3.0) lib/web_console/middleware.rb:28:in `block in call'
  web-console (3.3.0) lib/web_console/middleware.rb:18:in `catch'
  web-console (3.3.0) lib/web_console/middleware.rb:18:in `call'
  actionpack (4.2.3) lib/action_dispatch/middleware/show_exceptions.rb:30:in `call'
  railties (4.2.3) lib/rails/rack/logger.rb:38:in `call_app'
  railties (4.2.3) lib/rails/rack/logger.rb:20:in `block in call'
  activesupport (4.2.3) lib/active_support/tagged_logging.rb:68:in `block in tagged'
  activesupport (4.2.3) lib/active_support/tagged_logging.rb:26:in `tagged'
  activesupport (4.2.3) lib/active_support/tagged_logging.rb:68:in `tagged'
  railties (4.2.3) lib/rails/rack/logger.rb:20:in `call'
  actionpack (4.2.3) lib/action_dispatch/middleware/request_id.rb:21:in `call'
  rack (1.6.8) lib/rack/methodoverride.rb:22:in `call'
  rack (1.6.8) lib/rack/runtime.rb:18:in `call'
  activesupport (4.2.3) lib/active_support/cache/strategy/local_cache_middleware.rb:28:in `call'
  rack (1.6.8) lib/rack/lock.rb:17:in `call'
  actionpack (4.2.3) lib/action_dispatch/middleware/static.rb:116:in `call'
  rack (1.6.8) lib/rack/sendfile.rb:113:in `call'
  railties (4.2.3) lib/rails/engine.rb:518:in `call'
  railties (4.2.3) lib/rails/application.rb:165:in `call'
  rack (1.6.8) lib/rack/lock.rb:17:in `call'
  rack (1.6.8) lib/rack/content_length.rb:15:in `call'
  rack (1.6.8) lib/rack/handler/webrick.rb:88:in `service'
  /Users/yaminikumawat/.rvm/rubies/ruby-2.3.1/lib/ruby/2.3.0/webrick/httpserver.rb:140:in `service'
  /Users/yaminikumawat/.rvm/rubies/ruby-2.3.1/lib/ruby/2.3.0/webrick/httpserver.rb:96:in `run'
  /Users/yaminikumawat/.rvm/rubies/ruby-2.3.1/lib/ruby/2.3.0/webrick/server.rb:296:in `block in start_thread'


  Rendered /Users/yaminikumawat/.rvm/gems/ruby-2.3.1/gems/actionpack-4.2.3/lib/action_dispatch/middleware/templates/rescues/_source.erb (4.3ms)
  Rendered /Users/yaminikumawat/.rvm/gems/ruby-2.3.1/gems/actionpack-4.2.3/lib/action_dispatch/middleware/templates/rescues/_trace.html.erb (2.5ms)
  Rendered /Users/yaminikumawat/.rvm/gems/ruby-2.3.1/gems/actionpack-4.2.3/lib/action_dispatch/middleware/templates/rescues/_request_and_response.html.erb (1.0ms)
  Rendered /Users/yaminikumawat/.rvm/gems/ruby-2.3.1/gems/actionpack-4.2.3/lib/action_dispatch/middleware/templates/rescues/missing_template.html.erb within rescues/layout (45.4ms)


Started GET "/hello_world" for ::1 at 2017-08-13 12:31:21 -0400
Processing by StaticController#hello_world as HTML
Completed 500 Internal Server Error in 2ms (ActiveRecord: 0.0ms)

ActionView::MissingTemplate (Missing template static/hello_world, application/hello_world with {:locale=>[:en], :formats=>[:html], :variants=>[], :handlers=>[:erb, :builder, :raw, :ruby, :coffee, :jbuilder]}. Searched in:
  * "/Users/yaminikumawat/Flatiron Coursework/module 2/rails/rails-hello-world-lab-web-071717/app/views"
):
  actionview (4.2.3) lib/action_view/path_set.rb:46:in `find'
  actionview (4.2.3) lib/action_view/lookup_context.rb:121:in `find'
  actionview (4.2.3) lib/action_view/renderer/abstract_renderer.rb:18:in `find_template'
  actionview (4.2.3) lib/action_view/renderer/template_renderer.rb:40:in `determine_template'
  actionview (4.2.3) lib/action_view/renderer/template_renderer.rb:8:in `render'
  actionview (4.2.3) lib/action_view/renderer/renderer.rb:42:in `render_template'
  actionview (4.2.3) lib/action_view/renderer/renderer.rb:23:in `render'
  actionview (4.2.3) lib/action_view/rendering.rb:100:in `_render_template'
  actionpack (4.2.3) lib/action_controller/metal/streaming.rb:217:in `_render_template'
  actionview (4.2.3) lib/action_view/rendering.rb:83:in `render_to_body'
  actionpack (4.2.3) lib/action_controller/metal/rendering.rb:32:in `render_to_body'
  actionpack (4.2.3) lib/action_controller/metal/renderers.rb:37:in `render_to_body'
  actionpack (4.2.3) lib/abstract_controller/rendering.rb:25:in `render'
  actionpack (4.2.3) lib/action_controller/metal/rendering.rb:16:in `render'
  actionpack (4.2.3) lib/action_controller/metal/instrumentation.rb:44:in `block (2 levels) in render'
  activesupport (4.2.3) lib/active_support/core_ext/benchmark.rb:12:in `block in ms'
  /Users/yaminikumawat/.rvm/rubies/ruby-2.3.1/lib/ruby/2.3.0/benchmark.rb:308:in `realtime'
  activesupport (4.2.3) lib/active_support/core_ext/benchmark.rb:12:in `ms'
  actionpack (4.2.3) lib/action_controller/metal/instrumentation.rb:44:in `block in render'
  actionpack (4.2.3) lib/action_controller/metal/instrumentation.rb:87:in `cleanup_view_runtime'
  activerecord (4.2.3) lib/active_record/railties/controller_runtime.rb:25:in `cleanup_view_runtime'
  actionpack (4.2.3) lib/action_controller/metal/instrumentation.rb:43:in `render'
  actionpack (4.2.3) lib/action_controller/metal/implicit_render.rb:10:in `default_render'
  actionpack (4.2.3) lib/action_controller/metal/implicit_render.rb:5:in `send_action'
  actionpack (4.2.3) lib/abstract_controller/base.rb:198:in `process_action'
  actionpack (4.2.3) lib/action_controller/metal/rendering.rb:10:in `process_action'
  actionpack (4.2.3) lib/abstract_controller/callbacks.rb:20:in `block in process_action'
  activesupport (4.2.3) lib/active_support/callbacks.rb:115:in `call'
  activesupport (4.2.3) lib/active_support/callbacks.rb:553:in `block (2 levels) in compile'
  activesupport (4.2.3) lib/active_support/callbacks.rb:503:in `call'
  activesupport (4.2.3) lib/active_support/callbacks.rb:88:in `run_callbacks'
  actionpack (4.2.3) lib/abstract_controller/callbacks.rb:19:in `process_action'
  actionpack (4.2.3) lib/action_controller/metal/rescue.rb:29:in `process_action'
  actionpack (4.2.3) lib/action_controller/metal/instrumentation.rb:32:in `block in process_action'
  activesupport (4.2.3) lib/active_support/notifications.rb:164:in `block in instrument'
  activesupport (4.2.3) lib/active_support/notifications/instrumenter.rb:20:in `instrument'
  activesupport (4.2.3) lib/active_support/notifications.rb:164:in `instrument'
  actionpack (4.2.3) lib/action_controller/metal/instrumentation.rb:30:in `process_action'
  actionpack (4.2.3) lib/action_controller/metal/params_wrapper.rb:250:in `process_action'
  activerecord (4.2.3) lib/active_record/railties/controller_runtime.rb:18:in `process_action'
  actionpack (4.2.3) lib/abstract_controller/base.rb:137:in `process'
  actionview (4.2.3) lib/action_view/rendering.rb:30:in `process'
  actionpack (4.2.3) lib/action_controller/metal.rb:196:in `dispatch'
  actionpack (4.2.3) lib/action_controller/metal/rack_delegation.rb:13:in `dispatch'
  actionpack (4.2.3) lib/action_controller/metal.rb:237:in `block in action'
  actionpack (4.2.3) lib/action_dispatch/routing/route_set.rb:76:in `dispatch'
  actionpack (4.2.3) lib/action_dispatch/routing/route_set.rb:45:in `serve'
  actionpack (4.2.3) lib/action_dispatch/journey/router.rb:43:in `block in serve'
  actionpack (4.2.3) lib/action_dispatch/journey/router.rb:30:in `each'
  actionpack (4.2.3) lib/action_dispatch/journey/router.rb:30:in `serve'
  actionpack (4.2.3) lib/action_dispatch/routing/route_set.rb:821:in `call'
  rack (1.6.8) lib/rack/etag.rb:24:in `call'
  rack (1.6.8) lib/rack/conditionalget.rb:25:in `call'
  rack (1.6.8) lib/rack/head.rb:13:in `call'
  actionpack (4.2.3) lib/action_dispatch/middleware/params_parser.rb:27:in `call'
  actionpack (4.2.3) lib/action_dispatch/middleware/flash.rb:260:in `call'
  rack (1.6.8) lib/rack/session/abstract/id.rb:225:in `context'
  rack (1.6.8) lib/rack/session/abstract/id.rb:220:in `call'
  actionpack (4.2.3) lib/action_dispatch/middleware/cookies.rb:560:in `call'
  activerecord (4.2.3) lib/active_record/query_cache.rb:36:in `call'
  activerecord (4.2.3) lib/active_record/connection_adapters/abstract/connection_pool.rb:653:in `call'
  activerecord (4.2.3) lib/active_record/migration.rb:377:in `call'
  actionpack (4.2.3) lib/action_dispatch/middleware/callbacks.rb:29:in `block in call'
  activesupport (4.2.3) lib/active_support/callbacks.rb:84:in `run_callbacks'
  actionpack (4.2.3) lib/action_dispatch/middleware/callbacks.rb:27:in `call'
  actionpack (4.2.3) lib/action_dispatch/middleware/reloader.rb:73:in `call'
  actionpack (4.2.3) lib/action_dispatch/middleware/remote_ip.rb:78:in `call'
  actionpack (4.2.3) lib/action_dispatch/middleware/debug_exceptions.rb:17:in `call'
  web-console (3.3.0) lib/web_console/middleware.rb:131:in `call_app'
  web-console (3.3.0) lib/web_console/middleware.rb:28:in `block in call'
  web-console (3.3.0) lib/web_console/middleware.rb:18:in `catch'
  web-console (3.3.0) lib/web_console/middleware.rb:18:in `call'
  actionpack (4.2.3) lib/action_dispatch/middleware/show_exceptions.rb:30:in `call'
  railties (4.2.3) lib/rails/rack/logger.rb:38:in `call_app'
  railties (4.2.3) lib/rails/rack/logger.rb:20:in `block in call'
  activesupport (4.2.3) lib/active_support/tagged_logging.rb:68:in `block in tagged'
  activesupport (4.2.3) lib/active_support/tagged_logging.rb:26:in `tagged'
  activesupport (4.2.3) lib/active_support/tagged_logging.rb:68:in `tagged'
  railties (4.2.3) lib/rails/rack/logger.rb:20:in `call'
  actionpack (4.2.3) lib/action_dispatch/middleware/request_id.rb:21:in `call'
  rack (1.6.8) lib/rack/methodoverride.rb:22:in `call'
  rack (1.6.8) lib/rack/runtime.rb:18:in `call'
  activesupport (4.2.3) lib/active_support/cache/strategy/local_cache_middleware.rb:28:in `call'
  rack (1.6.8) lib/rack/lock.rb:17:in `call'
  actionpack (4.2.3) lib/action_dispatch/middleware/static.rb:116:in `call'
  rack (1.6.8) lib/rack/sendfile.rb:113:in `call'
  railties (4.2.3) lib/rails/engine.rb:518:in `call'
  railties (4.2.3) lib/rails/application.rb:165:in `call'
  rack (1.6.8) lib/rack/lock.rb:17:in `call'
  rack (1.6.8) lib/rack/content_length.rb:15:in `call'
  rack (1.6.8) lib/rack/handler/webrick.rb:88:in `service'
  /Users/yaminikumawat/.rvm/rubies/ruby-2.3.1/lib/ruby/2.3.0/webrick/httpserver.rb:140:in `service'
  /Users/yaminikumawat/.rvm/rubies/ruby-2.3.1/lib/ruby/2.3.0/webrick/httpserver.rb:96:in `run'
  /Users/yaminikumawat/.rvm/rubies/ruby-2.3.1/lib/ruby/2.3.0/webrick/server.rb:296:in `block in start_thread'


  Rendered /Users/yaminikumawat/.rvm/gems/ruby-2.3.1/gems/actionpack-4.2.3/lib/action_dispatch/middleware/templates/rescues/_source.erb (6.5ms)
  Rendered /Users/yaminikumawat/.rvm/gems/ruby-2.3.1/gems/actionpack-4.2.3/lib/action_dispatch/middleware/templates/rescues/_trace.html.erb (3.9ms)
  Rendered /Users/yaminikumawat/.rvm/gems/ruby-2.3.1/gems/actionpack-4.2.3/lib/action_dispatch/middleware/templates/rescues/_request_and_response.html.erb (1.2ms)
  Rendered /Users/yaminikumawat/.rvm/gems/ruby-2.3.1/gems/actionpack-4.2.3/lib/action_dispatch/middleware/templates/rescues/missing_template.html.erb within rescues/layout (65.4ms)


Started GET "/hello_world" for ::1 at 2017-08-13 12:32:02 -0400
Processing by StaticController#hello_world as HTML
Completed 500 Internal Server Error in 3ms (ActiveRecord: 0.0ms)

ActionView::MissingTemplate (Missing template static/hello_world, application/hello_world with {:locale=>[:en], :formats=>[:html], :variants=>[], :handlers=>[:erb, :builder, :raw, :ruby, :coffee, :jbuilder]}. Searched in:
  * "/Users/yaminikumawat/Flatiron Coursework/module 2/rails/rails-hello-world-lab-web-071717/app/views"
):
  actionview (4.2.3) lib/action_view/path_set.rb:46:in `find'
  actionview (4.2.3) lib/action_view/lookup_context.rb:121:in `find'
  actionview (4.2.3) lib/action_view/renderer/abstract_renderer.rb:18:in `find_template'
  actionview (4.2.3) lib/action_view/renderer/template_renderer.rb:40:in `determine_template'
  actionview (4.2.3) lib/action_view/renderer/template_renderer.rb:8:in `render'
  actionview (4.2.3) lib/action_view/renderer/renderer.rb:42:in `render_template'
  actionview (4.2.3) lib/action_view/renderer/renderer.rb:23:in `render'
  actionview (4.2.3) lib/action_view/rendering.rb:100:in `_render_template'
  actionpack (4.2.3) lib/action_controller/metal/streaming.rb:217:in `_render_template'
  actionview (4.2.3) lib/action_view/rendering.rb:83:in `render_to_body'
  actionpack (4.2.3) lib/action_controller/metal/rendering.rb:32:in `render_to_body'
  actionpack (4.2.3) lib/action_controller/metal/renderers.rb:37:in `render_to_body'
  actionpack (4.2.3) lib/abstract_controller/rendering.rb:25:in `render'
  actionpack (4.2.3) lib/action_controller/metal/rendering.rb:16:in `render'
  actionpack (4.2.3) lib/action_controller/metal/instrumentation.rb:44:in `block (2 levels) in render'
  activesupport (4.2.3) lib/active_support/core_ext/benchmark.rb:12:in `block in ms'
  /Users/yaminikumawat/.rvm/rubies/ruby-2.3.1/lib/ruby/2.3.0/benchmark.rb:308:in `realtime'
  activesupport (4.2.3) lib/active_support/core_ext/benchmark.rb:12:in `ms'
  actionpack (4.2.3) lib/action_controller/metal/instrumentation.rb:44:in `block in render'
  actionpack (4.2.3) lib/action_controller/metal/instrumentation.rb:87:in `cleanup_view_runtime'
  activerecord (4.2.3) lib/active_record/railties/controller_runtime.rb:25:in `cleanup_view_runtime'
  actionpack (4.2.3) lib/action_controller/metal/instrumentation.rb:43:in `render'
  actionpack (4.2.3) lib/action_controller/metal/implicit_render.rb:10:in `default_render'
  actionpack (4.2.3) lib/action_controller/metal/implicit_render.rb:5:in `send_action'
  actionpack (4.2.3) lib/abstract_controller/base.rb:198:in `process_action'
  actionpack (4.2.3) lib/action_controller/metal/rendering.rb:10:in `process_action'
  actionpack (4.2.3) lib/abstract_controller/callbacks.rb:20:in `block in process_action'
  activesupport (4.2.3) lib/active_support/callbacks.rb:115:in `call'
  activesupport (4.2.3) lib/active_support/callbacks.rb:553:in `block (2 levels) in compile'
  activesupport (4.2.3) lib/active_support/callbacks.rb:503:in `call'
  activesupport (4.2.3) lib/active_support/callbacks.rb:88:in `run_callbacks'
  actionpack (4.2.3) lib/abstract_controller/callbacks.rb:19:in `process_action'
  actionpack (4.2.3) lib/action_controller/metal/rescue.rb:29:in `process_action'
  actionpack (4.2.3) lib/action_controller/metal/instrumentation.rb:32:in `block in process_action'
  activesupport (4.2.3) lib/active_support/notifications.rb:164:in `block in instrument'
  activesupport (4.2.3) lib/active_support/notifications/instrumenter.rb:20:in `instrument'
  activesupport (4.2.3) lib/active_support/notifications.rb:164:in `instrument'
  actionpack (4.2.3) lib/action_controller/metal/instrumentation.rb:30:in `process_action'
  actionpack (4.2.3) lib/action_controller/metal/params_wrapper.rb:250:in `process_action'
  activerecord (4.2.3) lib/active_record/railties/controller_runtime.rb:18:in `process_action'
  actionpack (4.2.3) lib/abstract_controller/base.rb:137:in `process'
  actionview (4.2.3) lib/action_view/rendering.rb:30:in `process'
  actionpack (4.2.3) lib/action_controller/metal.rb:196:in `dispatch'
  actionpack (4.2.3) lib/action_controller/metal/rack_delegation.rb:13:in `dispatch'
  actionpack (4.2.3) lib/action_controller/metal.rb:237:in `block in action'
  actionpack (4.2.3) lib/action_dispatch/routing/route_set.rb:76:in `dispatch'
  actionpack (4.2.3) lib/action_dispatch/routing/route_set.rb:45:in `serve'
  actionpack (4.2.3) lib/action_dispatch/journey/router.rb:43:in `block in serve'
  actionpack (4.2.3) lib/action_dispatch/journey/router.rb:30:in `each'
  actionpack (4.2.3) lib/action_dispatch/journey/router.rb:30:in `serve'
  actionpack (4.2.3) lib/action_dispatch/routing/route_set.rb:821:in `call'
  rack (1.6.8) lib/rack/etag.rb:24:in `call'
  rack (1.6.8) lib/rack/conditionalget.rb:25:in `call'
  rack (1.6.8) lib/rack/head.rb:13:in `call'
  actionpack (4.2.3) lib/action_dispatch/middleware/params_parser.rb:27:in `call'
  actionpack (4.2.3) lib/action_dispatch/middleware/flash.rb:260:in `call'
  rack (1.6.8) lib/rack/session/abstract/id.rb:225:in `context'
  rack (1.6.8) lib/rack/session/abstract/id.rb:220:in `call'
  actionpack (4.2.3) lib/action_dispatch/middleware/cookies.rb:560:in `call'
  activerecord (4.2.3) lib/active_record/query_cache.rb:36:in `call'
  activerecord (4.2.3) lib/active_record/connection_adapters/abstract/connection_pool.rb:653:in `call'
  activerecord (4.2.3) lib/active_record/migration.rb:377:in `call'
  actionpack (4.2.3) lib/action_dispatch/middleware/callbacks.rb:29:in `block in call'
  activesupport (4.2.3) lib/active_support/callbacks.rb:84:in `run_callbacks'
  actionpack (4.2.3) lib/action_dispatch/middleware/callbacks.rb:27:in `call'
  actionpack (4.2.3) lib/action_dispatch/middleware/reloader.rb:73:in `call'
  actionpack (4.2.3) lib/action_dispatch/middleware/remote_ip.rb:78:in `call'
  actionpack (4.2.3) lib/action_dispatch/middleware/debug_exceptions.rb:17:in `call'
  web-console (3.3.0) lib/web_console/middleware.rb:131:in `call_app'
  web-console (3.3.0) lib/web_console/middleware.rb:28:in `block in call'
  web-console (3.3.0) lib/web_console/middleware.rb:18:in `catch'
  web-console (3.3.0) lib/web_console/middleware.rb:18:in `call'
  actionpack (4.2.3) lib/action_dispatch/middleware/show_exceptions.rb:30:in `call'
  railties (4.2.3) lib/rails/rack/logger.rb:38:in `call_app'
  railties (4.2.3) lib/rails/rack/logger.rb:20:in `block in call'
  activesupport (4.2.3) lib/active_support/tagged_logging.rb:68:in `block in tagged'
  activesupport (4.2.3) lib/active_support/tagged_logging.rb:26:in `tagged'
  activesupport (4.2.3) lib/active_support/tagged_logging.rb:68:in `tagged'
  railties (4.2.3) lib/rails/rack/logger.rb:20:in `call'
  actionpack (4.2.3) lib/action_dispatch/middleware/request_id.rb:21:in `call'
  rack (1.6.8) lib/rack/methodoverride.rb:22:in `call'
  rack (1.6.8) lib/rack/runtime.rb:18:in `call'
  activesupport (4.2.3) lib/active_support/cache/strategy/local_cache_middleware.rb:28:in `call'
  rack (1.6.8) lib/rack/lock.rb:17:in `call'
  actionpack (4.2.3) lib/action_dispatch/middleware/static.rb:116:in `call'
  rack (1.6.8) lib/rack/sendfile.rb:113:in `call'
  railties (4.2.3) lib/rails/engine.rb:518:in `call'
  railties (4.2.3) lib/rails/application.rb:165:in `call'
  rack (1.6.8) lib/rack/lock.rb:17:in `call'
  rack (1.6.8) lib/rack/content_length.rb:15:in `call'
  rack (1.6.8) lib/rack/handler/webrick.rb:88:in `service'
  /Users/yaminikumawat/.rvm/rubies/ruby-2.3.1/lib/ruby/2.3.0/webrick/httpserver.rb:140:in `service'
  /Users/yaminikumawat/.rvm/rubies/ruby-2.3.1/lib/ruby/2.3.0/webrick/httpserver.rb:96:in `run'
  /Users/yaminikumawat/.rvm/rubies/ruby-2.3.1/lib/ruby/2.3.0/webrick/server.rb:296:in `block in start_thread'


  Rendered /Users/yaminikumawat/.rvm/gems/ruby-2.3.1/gems/actionpack-4.2.3/lib/action_dispatch/middleware/templates/rescues/_source.erb (5.1ms)
  Rendered /Users/yaminikumawat/.rvm/gems/ruby-2.3.1/gems/actionpack-4.2.3/lib/action_dispatch/middleware/templates/rescues/_trace.html.erb (2.2ms)
  Rendered /Users/yaminikumawat/.rvm/gems/ruby-2.3.1/gems/actionpack-4.2.3/lib/action_dispatch/middleware/templates/rescues/_request_and_response.html.erb (1.6ms)
  Rendered /Users/yaminikumawat/.rvm/gems/ruby-2.3.1/gems/actionpack-4.2.3/lib/action_dispatch/middleware/templates/rescues/missing_template.html.erb within rescues/layout (49.0ms)


Started GET "/hello_world" for ::1 at 2017-08-13 12:32:15 -0400
Processing by StaticController#hello_world as HTML
Completed 500 Internal Server Error in 25ms (ActiveRecord: 0.0ms)

ActionView::MissingTemplate (Missing template static/hello_world, application/hello_world with {:locale=>[:en], :formats=>[:html], :variants=>[], :handlers=>[:erb, :builder, :raw, :ruby, :coffee, :jbuilder]}. Searched in:
  * "/Users/yaminikumawat/Flatiron Coursework/module 2/rails/rails-hello-world-lab-web-071717/app/views"
):
  actionview (4.2.3) lib/action_view/path_set.rb:46:in `find'
  actionview (4.2.3) lib/action_view/lookup_context.rb:121:in `find'
  actionview (4.2.3) lib/action_view/renderer/abstract_renderer.rb:18:in `find_template'
  actionview (4.2.3) lib/action_view/renderer/template_renderer.rb:40:in `determine_template'
  actionview (4.2.3) lib/action_view/renderer/template_renderer.rb:8:in `render'
  actionview (4.2.3) lib/action_view/renderer/renderer.rb:42:in `render_template'
  actionview (4.2.3) lib/action_view/renderer/renderer.rb:23:in `render'
  actionview (4.2.3) lib/action_view/rendering.rb:100:in `_render_template'
  actionpack (4.2.3) lib/action_controller/metal/streaming.rb:217:in `_render_template'
  actionview (4.2.3) lib/action_view/rendering.rb:83:in `render_to_body'
  actionpack (4.2.3) lib/action_controller/metal/rendering.rb:32:in `render_to_body'
  actionpack (4.2.3) lib/action_controller/metal/renderers.rb:37:in `render_to_body'
  actionpack (4.2.3) lib/abstract_controller/rendering.rb:25:in `render'
  actionpack (4.2.3) lib/action_controller/metal/rendering.rb:16:in `render'
  actionpack (4.2.3) lib/action_controller/metal/instrumentation.rb:44:in `block (2 levels) in render'
  activesupport (4.2.3) lib/active_support/core_ext/benchmark.rb:12:in `block in ms'
  /Users/yaminikumawat/.rvm/rubies/ruby-2.3.1/lib/ruby/2.3.0/benchmark.rb:308:in `realtime'
  activesupport (4.2.3) lib/active_support/core_ext/benchmark.rb:12:in `ms'
  actionpack (4.2.3) lib/action_controller/metal/instrumentation.rb:44:in `block in render'
  actionpack (4.2.3) lib/action_controller/metal/instrumentation.rb:87:in `cleanup_view_runtime'
  activerecord (4.2.3) lib/active_record/railties/controller_runtime.rb:25:in `cleanup_view_runtime'
  actionpack (4.2.3) lib/action_controller/metal/instrumentation.rb:43:in `render'
  actionpack (4.2.3) lib/action_controller/metal/implicit_render.rb:10:in `default_render'
  actionpack (4.2.3) lib/action_controller/metal/implicit_render.rb:5:in `send_action'
  actionpack (4.2.3) lib/abstract_controller/base.rb:198:in `process_action'
  actionpack (4.2.3) lib/action_controller/metal/rendering.rb:10:in `process_action'
  actionpack (4.2.3) lib/abstract_controller/callbacks.rb:20:in `block in process_action'
  activesupport (4.2.3) lib/active_support/callbacks.rb:115:in `call'
  activesupport (4.2.3) lib/active_support/callbacks.rb:553:in `block (2 levels) in compile'
  activesupport (4.2.3) lib/active_support/callbacks.rb:503:in `call'
  activesupport (4.2.3) lib/active_support/callbacks.rb:88:in `run_callbacks'
  actionpack (4.2.3) lib/abstract_controller/callbacks.rb:19:in `process_action'
  actionpack (4.2.3) lib/action_controller/metal/rescue.rb:29:in `process_action'
  actionpack (4.2.3) lib/action_controller/metal/instrumentation.rb:32:in `block in process_action'
  activesupport (4.2.3) lib/active_support/notifications.rb:164:in `block in instrument'
  activesupport (4.2.3) lib/active_support/notifications/instrumenter.rb:20:in `instrument'
  activesupport (4.2.3) lib/active_support/notifications.rb:164:in `instrument'
  actionpack (4.2.3) lib/action_controller/metal/instrumentation.rb:30:in `process_action'
  actionpack (4.2.3) lib/action_controller/metal/params_wrapper.rb:250:in `process_action'
  activerecord (4.2.3) lib/active_record/railties/controller_runtime.rb:18:in `process_action'
  actionpack (4.2.3) lib/abstract_controller/base.rb:137:in `process'
  actionview (4.2.3) lib/action_view/rendering.rb:30:in `process'
  actionpack (4.2.3) lib/action_controller/metal.rb:196:in `dispatch'
  actionpack (4.2.3) lib/action_controller/metal/rack_delegation.rb:13:in `dispatch'
  actionpack (4.2.3) lib/action_controller/metal.rb:237:in `block in action'
  actionpack (4.2.3) lib/action_dispatch/routing/route_set.rb:76:in `dispatch'
  actionpack (4.2.3) lib/action_dispatch/routing/route_set.rb:45:in `serve'
  actionpack (4.2.3) lib/action_dispatch/journey/router.rb:43:in `block in serve'
  actionpack (4.2.3) lib/action_dispatch/journey/router.rb:30:in `each'
  actionpack (4.2.3) lib/action_dispatch/journey/router.rb:30:in `serve'
  actionpack (4.2.3) lib/action_dispatch/routing/route_set.rb:821:in `call'
  rack (1.6.8) lib/rack/etag.rb:24:in `call'
  rack (1.6.8) lib/rack/conditionalget.rb:25:in `call'
  rack (1.6.8) lib/rack/head.rb:13:in `call'
  actionpack (4.2.3) lib/action_dispatch/middleware/params_parser.rb:27:in `call'
  actionpack (4.2.3) lib/action_dispatch/middleware/flash.rb:260:in `call'
  rack (1.6.8) lib/rack/session/abstract/id.rb:225:in `context'
  rack (1.6.8) lib/rack/session/abstract/id.rb:220:in `call'
  actionpack (4.2.3) lib/action_dispatch/middleware/cookies.rb:560:in `call'
  activerecord (4.2.3) lib/active_record/query_cache.rb:36:in `call'
  activerecord (4.2.3) lib/active_record/connection_adapters/abstract/connection_pool.rb:653:in `call'
  activerecord (4.2.3) lib/active_record/migration.rb:377:in `call'
  actionpack (4.2.3) lib/action_dispatch/middleware/callbacks.rb:29:in `block in call'
  activesupport (4.2.3) lib/active_support/callbacks.rb:84:in `run_callbacks'
  actionpack (4.2.3) lib/action_dispatch/middleware/callbacks.rb:27:in `call'
  actionpack (4.2.3) lib/action_dispatch/middleware/reloader.rb:73:in `call'
  actionpack (4.2.3) lib/action_dispatch/middleware/remote_ip.rb:78:in `call'
  actionpack (4.2.3) lib/action_dispatch/middleware/debug_exceptions.rb:17:in `call'
  web-console (3.3.0) lib/web_console/middleware.rb:131:in `call_app'
  web-console (3.3.0) lib/web_console/middleware.rb:28:in `block in call'
  web-console (3.3.0) lib/web_console/middleware.rb:18:in `catch'
  web-console (3.3.0) lib/web_console/middleware.rb:18:in `call'
  actionpack (4.2.3) lib/action_dispatch/middleware/show_exceptions.rb:30:in `call'
  railties (4.2.3) lib/rails/rack/logger.rb:38:in `call_app'
  railties (4.2.3) lib/rails/rack/logger.rb:20:in `block in call'
  activesupport (4.2.3) lib/active_support/tagged_logging.rb:68:in `block in tagged'
  activesupport (4.2.3) lib/active_support/tagged_logging.rb:26:in `tagged'
  activesupport (4.2.3) lib/active_support/tagged_logging.rb:68:in `tagged'
  railties (4.2.3) lib/rails/rack/logger.rb:20:in `call'
  actionpack (4.2.3) lib/action_dispatch/middleware/request_id.rb:21:in `call'
  rack (1.6.8) lib/rack/methodoverride.rb:22:in `call'
  rack (1.6.8) lib/rack/runtime.rb:18:in `call'
  activesupport (4.2.3) lib/active_support/cache/strategy/local_cache_middleware.rb:28:in `call'
  rack (1.6.8) lib/rack/lock.rb:17:in `call'
  actionpack (4.2.3) lib/action_dispatch/middleware/static.rb:116:in `call'
  rack (1.6.8) lib/rack/sendfile.rb:113:in `call'
  railties (4.2.3) lib/rails/engine.rb:518:in `call'
  railties (4.2.3) lib/rails/application.rb:165:in `call'
  rack (1.6.8) lib/rack/lock.rb:17:in `call'
  rack (1.6.8) lib/rack/content_length.rb:15:in `call'
  rack (1.6.8) lib/rack/handler/webrick.rb:88:in `service'
  /Users/yaminikumawat/.rvm/rubies/ruby-2.3.1/lib/ruby/2.3.0/webrick/httpserver.rb:140:in `service'
  /Users/yaminikumawat/.rvm/rubies/ruby-2.3.1/lib/ruby/2.3.0/webrick/httpserver.rb:96:in `run'
  /Users/yaminikumawat/.rvm/rubies/ruby-2.3.1/lib/ruby/2.3.0/webrick/server.rb:296:in `block in start_thread'


  Rendered /Users/yaminikumawat/.rvm/gems/ruby-2.3.1/gems/actionpack-4.2.3/lib/action_dispatch/middleware/templates/rescues/_source.erb (5.7ms)
  Rendered /Users/yaminikumawat/.rvm/gems/ruby-2.3.1/gems/actionpack-4.2.3/lib/action_dispatch/middleware/templates/rescues/_trace.html.erb (2.0ms)
  Rendered /Users/yaminikumawat/.rvm/gems/ruby-2.3.1/gems/actionpack-4.2.3/lib/action_dispatch/middleware/templates/rescues/_request_and_response.html.erb (0.7ms)
  Rendered /Users/yaminikumawat/.rvm/gems/ruby-2.3.1/gems/actionpack-4.2.3/lib/action_dispatch/middleware/templates/rescues/missing_template.html.erb within rescues/layout (58.9ms)


Started GET "/hello_world" for ::1 at 2017-08-13 12:32:56 -0400
Processing by StaticController#hello_world as HTML
  Rendered static/hello_world.html.erb within layouts/application (0.5ms)
Completed 200 OK in 1408ms (Views: 1407.2ms | ActiveRecord: 0.0ms)


Started GET "/assets/application.self-e80e8f2318043e8af94dddc2adad5a4f09739a8ebb323b3ab31cd71d45fd9113.css?body=1" for ::1 at 2017-08-13 12:32:57 -0400


Started GET "/assets/jquery_ujs.self-784a997f6726036b1993eb2217c9cb558e1cbb801c6da88105588c56f13b466a.js?body=1" for ::1 at 2017-08-13 12:32:57 -0400


Started GET "/assets/turbolinks.self-1d1fddf91adc38ac2045c51f0a3e05ca97d07d24d15a4dcbf705009106489e69.js?body=1" for ::1 at 2017-08-13 12:32:57 -0400


Started GET "/assets/application.self-3b8dabdc891efe46b9a144b400ad69e37d7e5876bdc39dee783419a69d7ca819.js?body=1" for ::1 at 2017-08-13 12:32:58 -0400


Started GET "/assets/jquery.self-bd7ddd393353a8d2480a622e80342adf488fb6006d667e8b42e4c0073393abee.js?body=1" for ::1 at 2017-08-13 12:32:58 -0400
